c:\users\0_0\documents\assemblerprojekt2\tc2221t_assembler_mandelbrot\mandelbrotproject\mandelbrotdllcpp\x64\debug\mandelbrotdllcpp.pch
c:\users\0_0\documents\assemblerprojekt2\tc2221t_assembler_mandelbrot\mandelbrotproject\mandelbrotdllcpp\x64\debug\vc142.pdb
c:\users\0_0\documents\assemblerprojekt2\tc2221t_assembler_mandelbrot\mandelbrotproject\mandelbrotdllcpp\x64\debug\vc142.idb
c:\users\0_0\documents\assemblerprojekt2\tc2221t_assembler_mandelbrot\mandelbrotproject\mandelbrotdllcpp\x64\debug\pch.obj
c:\users\0_0\documents\assemblerprojekt2\tc2221t_assembler_mandelbrot\mandelbrotproject\mandelbrotdllcpp\x64\debug\mandelbrotdllcpp.obj
c:\users\0_0\documents\assemblerprojekt2\tc2221t_assembler_mandelbrot\mandelbrotproject\mandelbrotdllcpp\x64\debug\mandelbrotdllcpp.ilk
c:\users\0_0\documents\assemblerprojekt2\tc2221t_assembler_mandelbrot\mandelbrotproject\x64\debug\mandelbrotdllcpp.dll
c:\users\0_0\documents\assemblerprojekt2\tc2221t_assembler_mandelbrot\mandelbrotproject\x64\debug\mandelbrotdllcpp.pdb
c:\users\0_0\documents\assemblerprojekt2\tc2221t_assembler_mandelbrot\mandelbrotproject\x64\debug\mandelbrotdllcpp.lib
c:\users\0_0\documents\assemblerprojekt2\tc2221t_assembler_mandelbrot\mandelbrotproject\x64\debug\mandelbrotdllcpp.exp
c:\users\0_0\documents\assembler_projekt\tc2221t_assembler_mandelbrot\mandelbrotproject\mandelbrotdllcpp\x64\debug\mandelbrotdllcpp.obj
c:\users\0_0\documents\assembler_projekt\tc2221t_assembler_mandelbrot\mandelbrotproject\mandelbrotdllcpp\x64\debug\pch.obj
c:\users\0_0\documents\assembler_projekt\tc2221t_assembler_mandelbrot\mandelbrotproject\mandelbrotdllcpp\x64\debug\mandelbrotdllcpp.ilk
c:\users\0_0\documents\assembler_projekt\tc2221t_assembler_mandelbrot\mandelbrotproject\mandelbrotdllcpp\x64\debug\mandelbrotdllcpp.pch
c:\users\0_0\documents\assembler_projekt\tc2221t_assembler_mandelbrot\mandelbrotproject\mandelbrotdllcpp\x64\debug\vc142.idb
c:\users\0_0\documents\assembler_projekt\tc2221t_assembler_mandelbrot\mandelbrotproject\mandelbrotdllcpp\x64\debug\vc142.pdb
c:\users\0_0\documents\assembler_projekt\tc2221t_assembler_mandelbrot\mandelbrotproject\x64\debug\mandelbrotdllcpp.pdb
c:\users\0_0\documents\assembler_projekt\tc2221t_assembler_mandelbrot\mandelbrotproject\x64\debug\mandelbrotdllcpp.dll
c:\users\0_0\documents\assembler_projekt\tc2221t_assembler_mandelbrot\mandelbrotproject\mandelbrotdllcpp\x64\debug\mandelbrotdllcpp.tlog\cl.command.1.tlog
c:\users\0_0\documents\assembler_projekt\tc2221t_assembler_mandelbrot\mandelbrotproject\mandelbrotdllcpp\x64\debug\mandelbrotdllcpp.tlog\cl.read.1.tlog
c:\users\0_0\documents\assembler_projekt\tc2221t_assembler_mandelbrot\mandelbrotproject\mandelbrotdllcpp\x64\debug\mandelbrotdllcpp.tlog\cl.write.1.tlog
c:\users\0_0\documents\assembler_projekt\tc2221t_assembler_mandelbrot\mandelbrotproject\mandelbrotdllcpp\x64\debug\mandelbrotdllcpp.tlog\link.command.1.tlog
c:\users\0_0\documents\assembler_projekt\tc2221t_assembler_mandelbrot\mandelbrotproject\mandelbrotdllcpp\x64\debug\mandelbrotdllcpp.tlog\link.read.1.tlog
c:\users\0_0\documents\assembler_projekt\tc2221t_assembler_mandelbrot\mandelbrotproject\mandelbrotdllcpp\x64\debug\mandelbrotdllcpp.tlog\link.write.1.tlog
c:\users\0_0\documents\assembler_projekt\tc2221t_assembler_mandelbrot\mandelbrotproject\mandelbrotdllcpp\x64\debug\mandelbrotdllcpp.tlog\mandelbrotdllcpp.write.1u.tlog
